=== L-150 邮件监控检查 Thu Feb 19 01:05:45 +08 2026 ===

📧 邮件发送状态检查:
发送时间: 21:00 GMT+8
目标财库:
  - AINN Treasury (treasury@ainn.xyz)
  - HDAO Treasury (treasury@humanitydao.io)
发送成功率: 100% (基于cron任务记录)

🔍 退信风险评估:
发送后时间: 分钟
风险评估: 低 (通常表示成功投递)

⏰ 回复时间预期:
AI Agent解析: 预计24小时内
初步回复: 预计72小时内
当前状态: 正常等待期

🛠️ 监控工具状态:
himalaya IMAP: ❌ 需要修复 (需要客户端授权密码)
Python脚本: ⚠️ 部分可用 (需要授权密码)
Cron任务: ✅ 正常运行

💡 建议:
1. 获取163邮箱客户端授权密码
2. 更新 ~/.config/himalaya/config.toml
3. 测试IMAP连接
4. 设置完整监控

✅ 检查完成，日志保存到: /Users/xiaolongxia/.openclaw/workspace/memory/email_logs/check_20260219_010545.log
