2026-02-14 05:23:29,017 - INFO - ==================================================
2026-02-14 05:23:29,018 - INFO - 📧 开始邮件监控检查 - 2026-02-14 05:23:29
2026-02-14 05:23:29,296 - INFO - ✅ IMAP连接成功
2026-02-14 05:23:29,315 - ERROR - 无法选择收件箱
2026-02-14 05:23:29,335 - INFO - 💾 检查结果已保存: /Users/xiaolongxia/.openclaw/workspace/memory/email-monitor/l150_email_check_20260214_052329.json
2026-02-14 05:23:29,335 - INFO - 📋 检查摘要:
2026-02-14 05:23:29,335 - INFO -   AI财库邮件发现: 0封
2026-02-14 05:23:29,336 - INFO -   ✅ 无AI财库回复，正常等待中
2026-02-14 05:23:29,336 - INFO - ==================================================
2026-02-14 05:23:29,353 - INFO - 🔌 已断开连接
2026-02-14 05:44:21,824 - INFO - ==================================================
2026-02-14 05:44:21,825 - INFO - 📧 开始邮件监控检查 - 2026-02-14 05:44:21
2026-02-14 05:44:21,960 - INFO - ✅ IMAP连接成功
2026-02-14 05:44:21,978 - ERROR - 无法选择收件箱
2026-02-14 05:44:21,997 - INFO - 💾 检查结果已保存: /Users/xiaolongxia/.openclaw/workspace/memory/email-monitor/l150_email_check_20260214_054421.json
2026-02-14 05:44:21,997 - INFO - 📋 检查摘要:
2026-02-14 05:44:21,997 - INFO -   AI财库邮件发现: 0封
2026-02-14 05:44:21,997 - INFO -   ✅ 无AI财库回复，正常等待中
2026-02-14 05:44:21,998 - INFO - ==================================================
2026-02-14 05:44:22,016 - INFO - 🔌 已断开连接
2026-02-14 06:04:18,666 - INFO - ==================================================
2026-02-14 06:04:18,666 - INFO - 📧 开始邮件监控检查 - 2026-02-14 06:04:18
2026-02-14 06:04:18,811 - INFO - ✅ IMAP连接成功
2026-02-14 06:04:18,831 - ERROR - 无法选择收件箱
2026-02-14 06:04:18,849 - INFO - 💾 检查结果已保存: /Users/xiaolongxia/.openclaw/workspace/memory/email-monitor/l150_email_check_20260214_060418.json
2026-02-14 06:04:18,850 - INFO - 📋 检查摘要:
2026-02-14 06:04:18,850 - INFO -   AI财库邮件发现: 0封
2026-02-14 06:04:18,850 - INFO -   ✅ 无AI财库回复，正常等待中
2026-02-14 06:04:18,850 - INFO - ==================================================
2026-02-14 06:04:18,868 - INFO - 🔌 已断开连接
2026-02-17 01:14:08,188 - INFO - ==================================================
2026-02-17 01:14:08,188 - INFO - 📧 开始邮件监控检查 - 2026-02-17 01:14:08
2026-02-17 01:14:08,399 - INFO - ✅ IMAP连接成功
2026-02-17 01:14:08,501 - ERROR - 无法选择收件箱
2026-02-17 01:14:08,520 - INFO - 💾 检查结果已保存: /Users/xiaolongxia/.openclaw/workspace/memory/email-monitor/l150_email_check_20260217_011408.json
2026-02-17 01:14:08,520 - INFO - 📋 检查摘要:
2026-02-17 01:14:08,520 - INFO -   AI财库邮件发现: 0封
2026-02-17 01:14:08,521 - INFO -   ✅ 无AI财库回复，正常等待中
2026-02-17 01:14:08,521 - INFO - ==================================================
2026-02-17 01:14:08,539 - INFO - 🔌 已断开连接
2026-02-17 23:07:27,627 - INFO - ==================================================
2026-02-17 23:07:27,627 - INFO - 📧 开始邮件监控检查 - 2026-02-17 23:07:27
2026-02-17 23:07:27,778 - INFO - ✅ IMAP连接成功
2026-02-17 23:07:27,796 - ERROR - 无法选择收件箱
2026-02-17 23:07:27,815 - INFO - 💾 检查结果已保存: /Users/xiaolongxia/.openclaw/workspace/memory/email-monitor/l150_email_check_20260217_230727.json
2026-02-17 23:07:27,815 - INFO - 📋 检查摘要:
2026-02-17 23:07:27,815 - INFO -   AI财库邮件发现: 0封
2026-02-17 23:07:27,815 - INFO -   ✅ 无AI财库回复，正常等待中
2026-02-17 23:07:27,815 - INFO - ==================================================
2026-02-17 23:07:27,833 - INFO - 🔌 已断开连接
2026-02-18 06:44:13,607 - INFO - ==================================================
2026-02-18 06:44:13,607 - INFO - 📧 开始邮件监控检查 - 2026-02-18 06:44:13
2026-02-18 06:44:13,767 - INFO - ✅ IMAP连接成功
2026-02-18 06:44:13,785 - ERROR - 无法选择收件箱
2026-02-18 06:44:13,804 - INFO - 💾 检查结果已保存: /Users/xiaolongxia/.openclaw/workspace/memory/email-monitor/l150_email_check_20260218_064413.json
2026-02-18 06:44:13,804 - INFO - 📋 检查摘要:
2026-02-18 06:44:13,804 - INFO -   AI财库邮件发现: 0封
2026-02-18 06:44:13,804 - INFO -   ✅ 无AI财库回复，正常等待中
2026-02-18 06:44:13,804 - INFO - ==================================================
2026-02-18 06:44:13,822 - INFO - 🔌 已断开连接
2026-02-18 07:14:25,358 - INFO - ==================================================
2026-02-18 07:14:25,358 - INFO - 📧 开始邮件监控检查 - 2026-02-18 07:14:25
2026-02-18 07:14:25,542 - INFO - ✅ IMAP连接成功
2026-02-18 07:14:25,560 - ERROR - 无法选择收件箱
2026-02-18 07:14:25,580 - INFO - 💾 检查结果已保存: /Users/xiaolongxia/.openclaw/workspace/memory/email-monitor/l150_email_check_20260218_071425.json
2026-02-18 07:14:25,581 - INFO - 📋 检查摘要:
2026-02-18 07:14:25,581 - INFO -   AI财库邮件发现: 0封
2026-02-18 07:14:25,581 - INFO -   ✅ 无AI财库回复，正常等待中
2026-02-18 07:14:25,581 - INFO - ==================================================
2026-02-18 07:14:25,599 - INFO - 🔌 已断开连接
2026-02-18 07:19:14,219 - INFO - ==================================================
2026-02-18 07:19:14,219 - INFO - 📧 开始邮件监控检查 - 2026-02-18 07:19:14
2026-02-18 07:19:14,459 - INFO - ✅ IMAP连接成功
2026-02-18 07:19:14,482 - ERROR - 无法选择收件箱
2026-02-18 07:19:14,507 - INFO - 💾 检查结果已保存: /Users/xiaolongxia/.openclaw/workspace/memory/email-monitor/l150_email_check_20260218_071914.json
2026-02-18 07:19:14,508 - INFO - 📋 检查摘要:
2026-02-18 07:19:14,508 - INFO -   AI财库邮件发现: 0封
2026-02-18 07:19:14,508 - INFO -   ✅ 无AI财库回复，正常等待中
2026-02-18 07:19:14,508 - INFO - ==================================================
2026-02-18 07:19:14,531 - INFO - 🔌 已断开连接
2026-02-18 07:29:00,539 - INFO - ==================================================
2026-02-18 07:29:00,539 - INFO - 📧 开始邮件监控检查 - 2026-02-18 07:29:00
2026-02-18 07:29:00,680 - INFO - ✅ IMAP连接成功
2026-02-18 07:29:00,698 - ERROR - 无法选择收件箱
2026-02-18 07:29:00,717 - INFO - 💾 检查结果已保存: /Users/xiaolongxia/.openclaw/workspace/memory/email-monitor/l150_email_check_20260218_072900.json
2026-02-18 07:29:00,717 - INFO - 📋 检查摘要:
2026-02-18 07:29:00,717 - INFO -   AI财库邮件发现: 0封
2026-02-18 07:29:00,717 - INFO -   ✅ 无AI财库回复，正常等待中
2026-02-18 07:29:00,717 - INFO - ==================================================
2026-02-18 07:29:00,735 - INFO - 🔌 已断开连接
2026-02-18 07:48:57,782 - INFO - ==================================================
2026-02-18 07:48:57,782 - INFO - 📧 开始邮件监控检查 - 2026-02-18 07:48:57
2026-02-18 07:48:57,930 - INFO - ✅ IMAP连接成功
2026-02-18 07:48:57,953 - ERROR - 无法选择收件箱
2026-02-18 07:48:57,977 - INFO - 💾 检查结果已保存: /Users/xiaolongxia/.openclaw/workspace/memory/email-monitor/l150_email_check_20260218_074857.json
2026-02-18 07:48:57,977 - INFO - 📋 检查摘要:
2026-02-18 07:48:57,977 - INFO -   AI财库邮件发现: 0封
2026-02-18 07:48:57,977 - INFO -   ✅ 无AI财库回复，正常等待中
2026-02-18 07:48:57,978 - INFO - ==================================================
2026-02-18 07:48:58,001 - INFO - 🔌 已断开连接
2026-02-18 07:59:11,976 - INFO - ==================================================
2026-02-18 07:59:11,976 - INFO - 📧 开始邮件监控检查 - 2026-02-18 07:59:11
2026-02-18 07:59:12,250 - INFO - ✅ IMAP连接成功
2026-02-18 07:59:12,274 - ERROR - 无法选择收件箱
2026-02-18 07:59:12,299 - INFO - 💾 检查结果已保存: /Users/xiaolongxia/.openclaw/workspace/memory/email-monitor/l150_email_check_20260218_075912.json
2026-02-18 07:59:12,299 - INFO - 📋 检查摘要:
2026-02-18 07:59:12,299 - INFO -   AI财库邮件发现: 0封
2026-02-18 07:59:12,299 - INFO -   ✅ 无AI财库回复，正常等待中
2026-02-18 07:59:12,299 - INFO - ==================================================
2026-02-18 07:59:12,323 - INFO - 🔌 已断开连接
2026-02-18 08:18:50,496 - INFO - ==================================================
2026-02-18 08:18:50,496 - INFO - 📧 开始邮件监控检查 - 2026-02-18 08:18:50
2026-02-18 08:18:50,714 - INFO - ✅ IMAP连接成功
2026-02-18 08:18:50,734 - ERROR - 无法选择收件箱
2026-02-18 08:18:50,754 - INFO - 💾 检查结果已保存: /Users/xiaolongxia/.openclaw/workspace/memory/email-monitor/l150_email_check_20260218_081850.json
2026-02-18 08:18:50,754 - INFO - 📋 检查摘要:
2026-02-18 08:18:50,754 - INFO -   AI财库邮件发现: 0封
2026-02-18 08:18:50,754 - INFO -   ✅ 无AI财库回复，正常等待中
2026-02-18 08:18:50,754 - INFO - ==================================================
2026-02-18 08:18:50,775 - INFO - 🔌 已断开连接
2026-02-18 08:19:26,263 - INFO - ==================================================
2026-02-18 08:19:26,263 - INFO - 📧 开始邮件监控检查 - 2026-02-18 08:19:26
2026-02-18 08:19:26,416 - INFO - ✅ IMAP连接成功
2026-02-18 08:19:26,434 - ERROR - 无法选择收件箱
2026-02-18 08:19:26,453 - INFO - 💾 检查结果已保存: /Users/xiaolongxia/.openclaw/workspace/memory/email-monitor/l150_email_check_20260218_081926.json
2026-02-18 08:19:26,453 - INFO - 📋 检查摘要:
2026-02-18 08:19:26,453 - INFO -   AI财库邮件发现: 0封
2026-02-18 08:19:26,453 - INFO -   ✅ 无AI财库回复，正常等待中
2026-02-18 08:19:26,453 - INFO - ==================================================
2026-02-18 08:19:26,470 - INFO - 🔌 已断开连接
2026-02-18 11:43:55,633 - INFO - ==================================================
2026-02-18 11:43:55,633 - INFO - 📧 开始邮件监控检查 - 2026-02-18 11:43:55
2026-02-18 11:43:55,782 - INFO - ✅ IMAP连接成功
2026-02-18 11:43:55,799 - ERROR - 无法选择收件箱
2026-02-18 11:43:55,817 - INFO - 💾 检查结果已保存: /Users/xiaolongxia/.openclaw/workspace/memory/email-monitor/l150_email_check_20260218_114355.json
2026-02-18 11:43:55,818 - INFO - 📋 检查摘要:
2026-02-18 11:43:55,818 - INFO -   AI财库邮件发现: 0封
2026-02-18 11:43:55,818 - INFO -   ✅ 无AI财库回复，正常等待中
2026-02-18 11:43:55,818 - INFO - ==================================================
2026-02-18 11:43:55,836 - INFO - 🔌 已断开连接
2026-02-18 22:34:25,394 - INFO - ==================================================
2026-02-18 22:34:25,396 - INFO - 📧 开始邮件监控检查 - 2026-02-18 22:34:25
2026-02-18 22:34:25,562 - INFO - ✅ IMAP连接成功
2026-02-18 22:34:25,580 - ERROR - 无法选择收件箱
2026-02-18 22:34:25,597 - INFO - 💾 检查结果已保存: /Users/xiaolongxia/.openclaw/workspace/memory/email-monitor/l150_email_check_20260218_223425.json
2026-02-18 22:34:25,597 - INFO - 📋 检查摘要:
2026-02-18 22:34:25,597 - INFO -   AI财库邮件发现: 0封
2026-02-18 22:34:25,597 - INFO -   ✅ 无AI财库回复，正常等待中
2026-02-18 22:34:25,597 - INFO - ==================================================
2026-02-18 22:34:25,614 - INFO - 🔌 已断开连接
2026-02-18 23:59:36,759 - INFO - ==================================================
2026-02-18 23:59:36,760 - INFO - 📧 开始邮件监控检查 - 2026-02-18 23:59:36
2026-02-18 23:59:36,931 - INFO - ✅ IMAP连接成功
2026-02-18 23:59:36,952 - ERROR - 无法选择收件箱
2026-02-18 23:59:36,974 - INFO - 💾 检查结果已保存: /Users/xiaolongxia/.openclaw/workspace/memory/email-monitor/l150_email_check_20260218_235936.json
2026-02-18 23:59:36,974 - INFO - 📋 检查摘要:
2026-02-18 23:59:36,974 - INFO -   AI财库邮件发现: 0封
2026-02-18 23:59:36,974 - INFO -   ✅ 无AI财库回复，正常等待中
2026-02-18 23:59:36,974 - INFO - ==================================================
2026-02-18 23:59:36,995 - INFO - 🔌 已断开连接
2026-02-19 05:14:15,259 - INFO - ==================================================
2026-02-19 05:14:15,259 - INFO - 📧 开始邮件监控检查 - 2026-02-19 05:14:15
2026-02-19 05:14:15,460 - INFO - ✅ IMAP连接成功
2026-02-19 05:14:15,479 - ERROR - 无法选择收件箱
2026-02-19 05:14:15,499 - INFO - 💾 检查结果已保存: /Users/xiaolongxia/.openclaw/workspace/memory/email-monitor/l150_email_check_20260219_051415.json
2026-02-19 05:14:15,499 - INFO - 📋 检查摘要:
2026-02-19 05:14:15,499 - INFO -   AI财库邮件发现: 0封
2026-02-19 05:14:15,499 - INFO -   ✅ 无AI财库回复，正常等待中
2026-02-19 05:14:15,499 - INFO - ==================================================
2026-02-19 05:14:15,594 - INFO - 🔌 已断开连接
2026-02-19 05:29:22,322 - INFO - ==================================================
2026-02-19 05:29:22,322 - INFO - 📧 开始邮件监控检查 - 2026-02-19 05:29:22
2026-02-19 05:29:22,478 - INFO - ✅ IMAP连接成功
2026-02-19 05:29:22,495 - ERROR - 无法选择收件箱
2026-02-19 05:29:22,513 - INFO - 💾 检查结果已保存: /Users/xiaolongxia/.openclaw/workspace/memory/email-monitor/l150_email_check_20260219_052922.json
2026-02-19 05:29:22,514 - INFO - 📋 检查摘要:
2026-02-19 05:29:22,514 - INFO -   AI财库邮件发现: 0封
2026-02-19 05:29:22,514 - INFO -   ✅ 无AI财库回复，正常等待中
2026-02-19 05:29:22,514 - INFO - ==================================================
2026-02-19 05:29:22,531 - INFO - 🔌 已断开连接
2026-02-19 05:34:25,062 - INFO - ==================================================
2026-02-19 05:34:25,062 - INFO - 📧 开始邮件监控检查 - 2026-02-19 05:34:25
2026-02-19 05:34:25,220 - INFO - ✅ IMAP连接成功
2026-02-19 05:34:25,238 - ERROR - 无法选择收件箱
2026-02-19 05:34:25,257 - INFO - 💾 检查结果已保存: /Users/xiaolongxia/.openclaw/workspace/memory/email-monitor/l150_email_check_20260219_053425.json
2026-02-19 05:34:25,257 - INFO - 📋 检查摘要:
2026-02-19 05:34:25,257 - INFO -   AI财库邮件发现: 0封
2026-02-19 05:34:25,257 - INFO -   ✅ 无AI财库回复，正常等待中
2026-02-19 05:34:25,257 - INFO - ==================================================
2026-02-19 05:34:25,276 - INFO - 🔌 已断开连接
2026-02-19 05:59:26,003 - INFO - ==================================================
2026-02-19 05:59:26,003 - INFO - 📧 开始邮件监控检查 - 2026-02-19 05:59:26
2026-02-19 05:59:26,313 - INFO - ✅ IMAP连接成功
2026-02-19 05:59:26,332 - ERROR - 无法选择收件箱
2026-02-19 05:59:26,350 - INFO - 💾 检查结果已保存: /Users/xiaolongxia/.openclaw/workspace/memory/email-monitor/l150_email_check_20260219_055926.json
2026-02-19 05:59:26,350 - INFO - 📋 检查摘要:
2026-02-19 05:59:26,350 - INFO -   AI财库邮件发现: 0封
2026-02-19 05:59:26,350 - INFO -   ✅ 无AI财库回复，正常等待中
2026-02-19 05:59:26,350 - INFO - ==================================================
2026-02-19 05:59:26,368 - INFO - 🔌 已断开连接
2026-02-19 06:00:52,240 - INFO - ==================================================
2026-02-19 06:00:52,240 - INFO - 📧 开始邮件监控检查 - 2026-02-19 06:00:52
2026-02-19 06:00:52,398 - INFO - ✅ IMAP连接成功
2026-02-19 06:00:52,417 - ERROR - 无法选择收件箱
2026-02-19 06:00:52,436 - INFO - 💾 检查结果已保存: /Users/xiaolongxia/.openclaw/workspace/memory/email-monitor/l150_email_check_20260219_060052.json
2026-02-19 06:00:52,436 - INFO - 📋 检查摘要:
2026-02-19 06:00:52,436 - INFO -   AI财库邮件发现: 0封
2026-02-19 06:00:52,436 - INFO -   ✅ 无AI财库回复，正常等待中
2026-02-19 06:00:52,436 - INFO - ==================================================
2026-02-19 06:00:52,455 - INFO - 🔌 已断开连接
2026-02-19 06:44:13,065 - INFO - ==================================================
2026-02-19 06:44:13,066 - INFO - 📧 开始邮件监控检查 - 2026-02-19 06:44:13
2026-02-19 06:44:13,183 - INFO - ✅ IMAP连接成功
2026-02-19 06:44:13,202 - ERROR - 无法选择收件箱
2026-02-19 06:44:13,220 - INFO - 💾 检查结果已保存: /Users/xiaolongxia/.openclaw/workspace/memory/email-monitor/l150_email_check_20260219_064413.json
2026-02-19 06:44:13,220 - INFO - 📋 检查摘要:
2026-02-19 06:44:13,220 - INFO -   AI财库邮件发现: 0封
2026-02-19 06:44:13,220 - INFO -   ✅ 无AI财库回复，正常等待中
2026-02-19 06:44:13,220 - INFO - ==================================================
2026-02-19 06:44:13,238 - INFO - 🔌 已断开连接
