[2026-02-20 02:30:12] 商家数据抓取任务执行报告
================================================

📊 抓取状态: ✅ 成功完成

📁 数据文件:
- 抖音来客: douyin_laike_latest.json
- 美团点评: meituan_dianping_latest.json
- 汇总报告: report_20260220_023012.json
- CSV报告: report_20260220.csv

🚨 检测到的异常 (3项):
1. ⚠️ [WARNING] 美团经营评分较低: 57.5分
2. ℹ️ [INFO] 今日有退款: ¥116.60
3. ⚠️ [WARNING] 抖音来客存在"违规生效中"状态

📈 今日数据概览:
- 成交订单: 1笔
- 成交金额: ¥116.60
- 退款金额: ¥116.60 (全额退款)
- 访客总数: 82人 (抖音22 + 美团60)
- 抖音经营分: 135分 (正常)
- 美团经营分: 57.5分 (偏低)

🔔 建议关注:
1. 美团评分偏低，需关注评价管理
2. 抖音违规状态需要处理
3. 今日订单全额退款，建议查看退款原因
