# 商家数据抓取任务日志

## 2026-02-20 05:40 GMT+8 - 实时抓取任务

**任务状态**: ✅ 成功完成
**执行时长**: 1秒
**数据时间**: 2026-02-20 05:40:35

### 抓取结果

#### 抖音来客 (有点方恐怖密室)
| 指标 | 数值 | 状态 |
|------|------|------|
| 成交金额 | ¥116.60 | - |
| 成交券数 | 1 | - |
| 退款金额 | ¥116.60 | ⚠️ |
| 商品访问人数 | 22 | - |
| 经营分 | 135 | ✅ |
| 账户余额 | ¥1,099.06 | ✅ |
| 消息数 | 23 | - |
| 咨询数 | 2 | - |
| 违规状态 | 违规生效中 | ⚠️ |

#### 美团点评 (有點方真人恐怖密室解放西路店)
| 指标 | 数值 | 状态 |
|------|------|------|
| 访问人数 | 60 | - |
| 下单金额 | ¥0 | ⚠️ |
| 经营评分 | 57.5 | ⚠️ 偏低 |
| 新增评论 | 0 | - |
| 新增差评 | 0 | ✅ |
| 消息数 | 1 | - |

### 异常告警

1. ⚠️ **美团经营评分较低**: 57.5分 (低于60分警戒线)
2. ℹ️ **今日有退款**: ¥116.60 (抖音来客)

### 生成文件

- `douyin_laike_latest.json` - 抖音来客最新数据
- `meituan_dianping_latest.json` - 美团点评最新数据
- `report_20260220_054035.json` - JSON格式汇总报告
- `report_20260220.csv` - CSV格式汇总报告
- `alerts.json` - 异常告警列表

### 下一步建议

1. 关注美团经营评分，建议提升服务质量
2. 分析抖音退款原因，优化产品或服务
3. 处理违规状态，避免影响店铺流量

---
*任务ID: 68d257c9-1256-4c2c-9010-224b5520617d*
