[2026-02-20 00:18:55] [INFO] 🚀 启动视频转录与知识库投喂系统
[2026-02-20 00:18:55] [INFO] 📁 视频目录: /Users/xiaolongxia/Downloads/美团运营/巅峰流量·实体团购操盘手【正式版】
[2026-02-20 00:18:55] [INFO] 📹 找到 21 个视频文件
[2026-02-20 00:18:55] [INFO] ⏳ 待处理: 21 个，已跳过: 0 个
[2026-02-20 00:18:55] [INFO] 
[1/21] 处理进度
[2026-02-20 00:18:55] [INFO] 
==================================================
[2026-02-20 00:18:55] [INFO] 📹 开始处理: 先导课 实体获客的道与法
[2026-02-20 00:18:55] [INFO] ==================================================
[2026-02-20 00:18:55] [INFO] 🎵 提取音频: 先导课 实体获客的道与法
[2026-02-20 00:18:55] [SUCCESS]   ✅ 提取完成: 454.0MB → 1.5MB (0.3%)
[2026-02-20 00:18:55] [INFO] 🎯 本地Whisper转录: 先导课 实体获客的道与法
[2026-02-20 00:18:56] [INFO]   🔄 加载Whisper模型...
[2026-02-20 00:18:58] [INFO]   📝 开始转录...
[2026-02-20 00:19:32] [SUCCESS]   ✅ 转录完成: 先导课 实体获客的道与法 (1875 字符)
[2026-02-20 00:19:32] [SUCCESS]   💾 已保存到知识库: 先导课 实体获客的道与法
[2026-02-20 00:19:32] [SUCCESS] ✅ 完成处理: 先导课 实体获客的道与法
[2026-02-20 00:19:33] [INFO] 
[2/21] 处理进度
[2026-02-20 00:19:33] [INFO] 
==================================================
[2026-02-20 00:19:33] [INFO] 📹 开始处理: 门店管理：1.账号冷启动
[2026-02-20 00:19:33] [INFO] ==================================================
[2026-02-20 00:19:33] [INFO] 🎵 提取音频: 门店管理：1.账号冷启动
[2026-02-20 00:19:35] [SUCCESS]   ✅ 提取完成: 1400.4MB → 4.5MB (0.3%)
[2026-02-20 00:19:35] [INFO] 🎯 本地Whisper转录: 门店管理：1.账号冷启动
[2026-02-20 00:19:35] [INFO]   🔄 加载Whisper模型...
[2026-02-20 00:19:36] [INFO]   📝 开始转录...
[2026-02-20 00:21:52] [SUCCESS]   ✅ 转录完成: 门店管理：1.账号冷启动 (5749 字符)
[2026-02-20 00:21:52] [SUCCESS]   💾 已保存到知识库: 门店管理：1.账号冷启动
[2026-02-20 00:21:52] [SUCCESS] ✅ 完成处理: 门店管理：1.账号冷启动
[2026-02-20 00:21:53] [INFO] 
[3/21] 处理进度
[2026-02-20 00:21:53] [INFO] 
==================================================
[2026-02-20 00:21:53] [INFO] 📹 开始处理: 门店管理：2.奖罚机制
[2026-02-20 00:21:53] [INFO] ==================================================
[2026-02-20 00:21:53] [INFO] 🎵 提取音频: 门店管理：2.奖罚机制
[2026-02-20 00:21:54] [SUCCESS]   ✅ 提取完成: 856.3MB → 2.8MB (0.3%)
[2026-02-20 00:21:54] [INFO] 🎯 本地Whisper转录: 门店管理：2.奖罚机制
[2026-02-20 00:21:54] [INFO]   🔄 加载Whisper模型...
[2026-02-20 00:21:56] [INFO]   📝 开始转录...
[2026-02-20 00:23:10] [SUCCESS]   ✅ 转录完成: 门店管理：2.奖罚机制 (3359 字符)
[2026-02-20 00:23:10] [SUCCESS]   💾 已保存到知识库: 门店管理：2.奖罚机制
[2026-02-20 00:23:10] [SUCCESS] ✅ 完成处理: 门店管理：2.奖罚机制
[2026-02-20 00:23:11] [INFO] 
[4/21] 处理进度
[2026-02-20 00:23:11] [INFO] 
==================================================
[2026-02-20 00:23:11] [INFO] 📹 开始处理: 前端搭建：0成本1天拿金牌
[2026-02-20 00:23:11] [INFO] ==================================================
[2026-02-20 00:23:11] [INFO] 🎵 提取音频: 前端搭建：0成本1天拿金牌
[2026-02-20 00:23:12] [SUCCESS]   ✅ 提取完成: 122.1MB → 2.1MB (1.7%)
[2026-02-20 00:23:12] [INFO] 🎯 本地Whisper转录: 前端搭建：0成本1天拿金牌
[2026-02-20 00:23:12] [INFO]   🔄 加载Whisper模型...
[2026-02-20 00:23:14] [INFO]   📝 开始转录...
[2026-02-20 00:24:22] [SUCCESS]   ✅ 转录完成: 前端搭建：0成本1天拿金牌 (2951 字符)
[2026-02-20 00:24:22] [SUCCESS]   💾 已保存到知识库: 前端搭建：0成本1天拿金牌
[2026-02-20 00:24:22] [SUCCESS] ✅ 完成处理: 前端搭建：0成本1天拿金牌
[2026-02-20 00:24:23] [INFO] 
[5/21] 处理进度
[2026-02-20 00:24:23] [INFO] 
==================================================
[2026-02-20 00:24:23] [INFO] 📹 开始处理: 前端搭建：团单价格设定
[2026-02-20 00:24:23] [INFO] ==================================================
[2026-02-20 00:24:23] [INFO] 🎵 提取音频: 前端搭建：团单价格设定
[2026-02-20 00:24:24] [SUCCESS]   ✅ 提取完成: 850.0MB → 2.8MB (0.3%)
[2026-02-20 00:24:24] [INFO] 🎯 本地Whisper转录: 前端搭建：团单价格设定
[2026-02-20 00:24:24] [INFO]   🔄 加载Whisper模型...
[2026-02-20 00:24:26] [INFO]   📝 开始转录...
[2026-02-20 00:25:38] [SUCCESS]   ✅ 转录完成: 前端搭建：团单价格设定 (3220 字符)
[2026-02-20 00:25:38] [SUCCESS]   💾 已保存到知识库: 前端搭建：团单价格设定
[2026-02-20 00:25:38] [SUCCESS] ✅ 完成处理: 前端搭建：团单价格设定
[2026-02-20 00:25:39] [INFO] 
[6/21] 处理进度
[2026-02-20 00:25:39] [INFO] 
==================================================
[2026-02-20 00:25:39] [INFO] 📹 开始处理: 前端搭建：热销指数的底层逻辑
[2026-02-20 00:25:39] [INFO] ==================================================
[2026-02-20 00:25:39] [INFO] 🎵 提取音频: 前端搭建：热销指数的底层逻辑
[2026-02-20 00:25:40] [SUCCESS]   ✅ 提取完成: 280.0MB → 0.9MB (0.3%)
[2026-02-20 00:25:40] [INFO] 🎯 本地Whisper转录: 前端搭建：热销指数的底层逻辑
[2026-02-20 00:25:40] [INFO]   🔄 加载Whisper模型...
[2026-02-20 00:25:41] [INFO]   📝 开始转录...
[2026-02-20 00:26:07] [SUCCESS]   ✅ 转录完成: 前端搭建：热销指数的底层逻辑 (1115 字符)
[2026-02-20 00:26:07] [SUCCESS]   💾 已保存到知识库: 前端搭建：热销指数的底层逻辑
[2026-02-20 00:26:07] [SUCCESS] ✅ 完成处理: 前端搭建：热销指数的底层逻辑
[2026-02-20 00:26:08] [INFO] 
[7/21] 处理进度
[2026-02-20 00:26:08] [INFO] 
==================================================
[2026-02-20 00:26:08] [INFO] 📹 开始处理: 前端搭建：视觉营销
[2026-02-20 00:26:08] [INFO] ==================================================
[2026-02-20 00:26:08] [INFO] 🎵 提取音频: 前端搭建：视觉营销
[2026-02-20 00:26:09] [SUCCESS]   ✅ 提取完成: 489.2MB → 1.7MB (0.4%)
[2026-02-20 00:26:09] [INFO] 🎯 本地Whisper转录: 前端搭建：视觉营销
[2026-02-20 00:26:09] [INFO]   🔄 加载Whisper模型...
[2026-02-20 00:26:10] [INFO]   📝 开始转录...
[2026-02-20 00:26:10] [ERROR]   ❌ 转录失败: 前端搭建：视觉营销 - [Errno 32] Broken pipe
[2026-02-20 00:26:10] [ERROR] ❌ 转录失败，跳过: 前端搭建：视觉营销
[2026-02-20 00:26:11] [INFO] 
[8/21] 处理进度
[2026-02-20 00:26:11] [INFO] 
==================================================
[2026-02-20 00:26:11] [INFO] 📹 开始处理: 后台数据：三大核心数据（1）
[2026-02-20 00:26:11] [INFO] ==================================================
[2026-02-20 00:26:11] [INFO] 🎵 提取音频: 后台数据：三大核心数据（1）
[2026-02-20 00:26:12] [SUCCESS]   ✅ 提取完成: 63.1MB → 1.0MB (1.7%)
[2026-02-20 00:26:12] [INFO] 🎯 本地Whisper转录: 后台数据：三大核心数据（1）
[2026-02-20 00:26:12] [INFO]   🔄 加载Whisper模型...
[2026-02-20 00:26:13] [INFO]   📝 开始转录...
[2026-02-20 00:26:13] [ERROR]   ❌ 转录失败: 后台数据：三大核心数据（1） - [Errno 32] Broken pipe
[2026-02-20 00:26:13] [ERROR] ❌ 转录失败，跳过: 后台数据：三大核心数据（1）
[2026-02-20 00:26:14] [INFO] 
[9/21] 处理进度
[2026-02-20 00:26:14] [INFO] 
==================================================
[2026-02-20 00:26:14] [INFO] 📹 开始处理: 后台数据：三大核心数据（2）
[2026-02-20 00:26:14] [INFO] ==================================================
[2026-02-20 00:26:14] [INFO] 🎵 提取音频: 后台数据：三大核心数据（2）
[2026-02-20 00:26:15] [SUCCESS]   ✅ 提取完成: 536.7MB → 1.7MB (0.3%)
[2026-02-20 00:26:15] [INFO] 🎯 本地Whisper转录: 后台数据：三大核心数据（2）
[2026-02-20 00:26:15] [INFO]   🔄 加载Whisper模型...
[2026-02-20 00:26:16] [INFO]   📝 开始转录...
[2026-02-20 00:26:16] [ERROR]   ❌ 转录失败: 后台数据：三大核心数据（2） - [Errno 32] Broken pipe
[2026-02-20 00:26:16] [ERROR] ❌ 转录失败，跳过: 后台数据：三大核心数据（2）
[2026-02-20 00:26:17] [INFO] 
[10/21] 处理进度
[2026-02-20 00:26:17] [INFO] 
==================================================
[2026-02-20 00:26:17] [INFO] 📹 开始处理: 后台数据：三大核心数据（3）
[2026-02-20 00:26:17] [INFO] ==================================================
[2026-02-20 00:26:17] [INFO] 🎵 提取音频: 后台数据：三大核心数据（3）
[2026-02-20 00:26:19] [SUCCESS]   ✅ 提取完成: 994.5MB → 3.2MB (0.3%)
[2026-02-20 00:26:19] [INFO] 🎯 本地Whisper转录: 后台数据：三大核心数据（3）
[2026-02-20 00:26:19] [INFO]   🔄 加载Whisper模型...
[2026-02-20 00:26:20] [INFO]   📝 开始转录...
[2026-02-20 00:26:20] [ERROR]   ❌ 转录失败: 后台数据：三大核心数据（3） - [Errno 32] Broken pipe
[2026-02-20 00:26:20] [ERROR] ❌ 转录失败，跳过: 后台数据：三大核心数据（3）
[2026-02-20 00:26:21] [INFO] 
[11/21] 处理进度
[2026-02-20 00:26:21] [INFO] 
==================================================
[2026-02-20 00:26:21] [INFO] 📹 开始处理: 评价：1.评分的底层逻辑
[2026-02-20 00:26:21] [INFO] ==================================================
[2026-02-20 00:26:21] [INFO] 🎵 提取音频: 评价：1.评分的底层逻辑
[2026-02-20 00:26:22] [SUCCESS]   ✅ 提取完成: 313.5MB → 1.0MB (0.3%)
[2026-02-20 00:26:22] [INFO] 🎯 本地Whisper转录: 评价：1.评分的底层逻辑
[2026-02-20 00:26:22] [INFO]   🔄 加载Whisper模型...
[2026-02-20 00:26:23] [INFO]   📝 开始转录...
[2026-02-20 00:26:23] [ERROR]   ❌ 转录失败: 评价：1.评分的底层逻辑 - [Errno 32] Broken pipe
[2026-02-20 00:26:23] [ERROR] ❌ 转录失败，跳过: 评价：1.评分的底层逻辑
[2026-02-20 00:26:24] [INFO] 
[12/21] 处理进度
[2026-02-20 00:26:24] [INFO] 
==================================================
[2026-02-20 00:26:24] [INFO] 📹 开始处理: 评价：2.AB账号规避差评
[2026-02-20 00:26:24] [INFO] ==================================================
[2026-02-20 00:26:24] [INFO] 🎵 提取音频: 评价：2.AB账号规避差评
[2026-02-20 00:26:25] [SUCCESS]   ✅ 提取完成: 755.1MB → 2.4MB (0.3%)
[2026-02-20 00:26:25] [INFO] 🎯 本地Whisper转录: 评价：2.AB账号规避差评
[2026-02-20 00:26:25] [INFO]   🔄 加载Whisper模型...
[2026-02-20 00:26:26] [INFO]   📝 开始转录...
[2026-02-20 00:26:26] [ERROR]   ❌ 转录失败: 评价：2.AB账号规避差评 - [Errno 32] Broken pipe
[2026-02-20 00:26:26] [ERROR] ❌ 转录失败，跳过: 评价：2.AB账号规避差评
[2026-02-20 00:26:28] [INFO] 
[13/21] 处理进度
[2026-02-20 00:26:28] [INFO] 
==================================================
[2026-02-20 00:26:28] [INFO] 📹 开始处理: 评价：3.99%留存的方法-双评法
[2026-02-20 00:26:28] [INFO] ==================================================
[2026-02-20 00:26:28] [INFO] 🎵 提取音频: 评价：3.99%留存的方法-双评法
[2026-02-20 00:26:29] [SUCCESS]   ✅ 提取完成: 700.6MB → 2.3MB (0.3%)
[2026-02-20 00:26:29] [INFO] 🎯 本地Whisper转录: 评价：3.99%留存的方法-双评法
[2026-02-20 00:26:29] [INFO]   🔄 加载Whisper模型...
[2026-02-20 00:26:30] [INFO]   📝 开始转录...
[2026-02-20 00:26:30] [ERROR]   ❌ 转录失败: 评价：3.99%留存的方法-双评法 - [Errno 32] Broken pipe
[2026-02-20 00:26:30] [ERROR] ❌ 转录失败，跳过: 评价：3.99%留存的方法-双评法
[2026-02-20 00:26:31] [INFO] 
[14/21] 处理进度
[2026-02-20 00:26:31] [INFO] 
==================================================
[2026-02-20 00:26:31] [INFO] 📹 开始处理: 评价：4.99%留存的方法-核评比
[2026-02-20 00:26:31] [INFO] ==================================================
[2026-02-20 00:26:31] [INFO] 🎵 提取音频: 评价：4.99%留存的方法-核评比
[2026-02-20 00:26:32] [SUCCESS]   ✅ 提取完成: 617.3MB → 2.0MB (0.3%)
[2026-02-20 00:26:32] [INFO] 🎯 本地Whisper转录: 评价：4.99%留存的方法-核评比
[2026-02-20 00:26:32] [INFO]   🔄 加载Whisper模型...
[2026-02-20 00:26:34] [INFO]   📝 开始转录...
[2026-02-20 00:26:34] [ERROR]   ❌ 转录失败: 评价：4.99%留存的方法-核评比 - [Errno 32] Broken pipe
[2026-02-20 00:26:34] [ERROR] ❌ 转录失败，跳过: 评价：4.99%留存的方法-核评比
[2026-02-20 00:26:35] [INFO] 
[15/21] 处理进度
[2026-02-20 00:26:35] [INFO] 
==================================================
[2026-02-20 00:26:35] [INFO] 📹 开始处理: 评价：5.星级评分总结
[2026-02-20 00:26:35] [INFO] ==================================================
[2026-02-20 00:26:35] [INFO] 🎵 提取音频: 评价：5.星级评分总结
[2026-02-20 00:26:35] [SUCCESS]   ✅ 提取完成: 170.4MB → 0.5MB (0.3%)
[2026-02-20 00:26:35] [INFO] 🎯 本地Whisper转录: 评价：5.星级评分总结
[2026-02-20 00:26:35] [INFO]   🔄 加载Whisper模型...
[2026-02-20 00:26:36] [INFO]   📝 开始转录...
[2026-02-20 00:26:36] [ERROR]   ❌ 转录失败: 评价：5.星级评分总结 - [Errno 32] Broken pipe
[2026-02-20 00:26:36] [ERROR] ❌ 转录失败，跳过: 评价：5.星级评分总结
[2026-02-20 00:26:38] [INFO] 
[16/21] 处理进度
[2026-02-20 00:26:38] [INFO] 
==================================================
[2026-02-20 00:26:38] [INFO] 📹 开始处理: 推广通：1.通投拉满与关键词出价
[2026-02-20 00:26:38] [INFO] ==================================================
[2026-02-20 00:26:38] [INFO] 🎵 提取音频: 推广通：1.通投拉满与关键词出价
[2026-02-20 00:26:39] [SUCCESS]   ✅ 提取完成: 937.0MB → 3.0MB (0.3%)
[2026-02-20 00:26:39] [INFO] 🎯 本地Whisper转录: 推广通：1.通投拉满与关键词出价
[2026-02-20 00:26:39] [INFO]   🔄 加载Whisper模型...
[2026-02-20 00:26:40] [INFO]   📝 开始转录...
[2026-02-20 00:26:41] [ERROR]   ❌ 转录失败: 推广通：1.通投拉满与关键词出价 - [Errno 32] Broken pipe
[2026-02-20 00:26:41] [ERROR] ❌ 转录失败，跳过: 推广通：1.通投拉满与关键词出价
[2026-02-20 00:26:42] [INFO] 
[17/21] 处理进度
[2026-02-20 00:26:42] [INFO] 
==================================================
[2026-02-20 00:26:42] [INFO] 📹 开始处理: 推广通：2.后台的基础设置
[2026-02-20 00:26:42] [INFO] ==================================================
[2026-02-20 00:26:42] [INFO] 🎵 提取音频: 推广通：2.后台的基础设置
[2026-02-20 00:26:42] [SUCCESS]   ✅ 提取完成: 101.2MB → 0.8MB (0.8%)
[2026-02-20 00:26:42] [INFO] 🎯 本地Whisper转录: 推广通：2.后台的基础设置
[2026-02-20 00:26:42] [INFO]   🔄 加载Whisper模型...
[2026-02-20 00:26:43] [INFO]   📝 开始转录...
[2026-02-20 00:26:43] [ERROR]   ❌ 转录失败: 推广通：2.后台的基础设置 - [Errno 32] Broken pipe
[2026-02-20 00:26:43] [ERROR] ❌ 转录失败，跳过: 推广通：2.后台的基础设置
[2026-02-20 00:26:44] [INFO] 
[18/21] 处理进度
[2026-02-20 00:26:44] [INFO] 
==================================================
[2026-02-20 00:26:44] [INFO] 📹 开始处理: 推广通：3.关键词垂类与泛垂类打法
[2026-02-20 00:26:44] [INFO] ==================================================
[2026-02-20 00:26:44] [INFO] 🎵 提取音频: 推广通：3.关键词垂类与泛垂类打法
[2026-02-20 00:26:45] [SUCCESS]   ✅ 提取完成: 299.2MB → 1.0MB (0.3%)
[2026-02-20 00:26:45] [INFO] 🎯 本地Whisper转录: 推广通：3.关键词垂类与泛垂类打法
[2026-02-20 00:26:45] [INFO]   🔄 加载Whisper模型...
[2026-02-20 00:26:46] [INFO]   📝 开始转录...
[2026-02-20 00:26:46] [ERROR]   ❌ 转录失败: 推广通：3.关键词垂类与泛垂类打法 - [Errno 32] Broken pipe
[2026-02-20 00:26:46] [ERROR] ❌ 转录失败，跳过: 推广通：3.关键词垂类与泛垂类打法
[2026-02-20 00:26:47] [INFO] 
[19/21] 处理进度
[2026-02-20 00:26:47] [INFO] 
==================================================
[2026-02-20 00:26:47] [INFO] 📹 开始处理: 推广通：4.微付费撬动自然流的方法
[2026-02-20 00:26:47] [INFO] ==================================================
[2026-02-20 00:26:47] [INFO] 🎵 提取音频: 推广通：4.微付费撬动自然流的方法
[2026-02-20 00:26:47] [SUCCESS]   ✅ 提取完成: 198.7MB → 0.6MB (0.3%)
[2026-02-20 00:26:47] [INFO] 🎯 本地Whisper转录: 推广通：4.微付费撬动自然流的方法
[2026-02-20 00:26:47] [INFO]   🔄 加载Whisper模型...
[2026-02-20 00:26:48] [INFO]   📝 开始转录...
[2026-02-20 00:26:48] [ERROR]   ❌ 转录失败: 推广通：4.微付费撬动自然流的方法 - [Errno 32] Broken pipe
[2026-02-20 00:26:48] [ERROR] ❌ 转录失败，跳过: 推广通：4.微付费撬动自然流的方法
[2026-02-20 00:26:49] [INFO] 
[20/21] 处理进度
[2026-02-20 00:26:49] [INFO] 
==================================================
[2026-02-20 00:26:49] [INFO] 📹 开始处理: 榜单：低成本上热门榜
[2026-02-20 00:26:49] [INFO] ==================================================
[2026-02-20 00:26:49] [INFO] 🎵 提取音频: 榜单：低成本上热门榜
[2026-02-20 00:26:50] [SUCCESS]   ✅ 提取完成: 132.6MB → 1.2MB (0.9%)
[2026-02-20 00:26:50] [INFO] 🎯 本地Whisper转录: 榜单：低成本上热门榜
[2026-02-20 00:26:50] [INFO]   🔄 加载Whisper模型...
[2026-02-20 00:26:51] [INFO]   📝 开始转录...
[2026-02-20 00:26:51] [ERROR]   ❌ 转录失败: 榜单：低成本上热门榜 - [Errno 32] Broken pipe
[2026-02-20 00:26:51] [ERROR] ❌ 转录失败，跳过: 榜单：低成本上热门榜
[2026-02-20 00:26:52] [INFO] 
[21/21] 处理进度
[2026-02-20 00:26:52] [INFO] 
==================================================
[2026-02-20 00:26:52] [INFO] 📹 开始处理: 榜单：好评榜的考核逻辑
[2026-02-20 00:26:52] [INFO] ==================================================
[2026-02-20 00:26:52] [INFO] 🎵 提取音频: 榜单：好评榜的考核逻辑
[2026-02-20 00:26:52] [SUCCESS]   ✅ 提取完成: 307.8MB → 1.0MB (0.3%)
[2026-02-20 00:26:52] [INFO] 🎯 本地Whisper转录: 榜单：好评榜的考核逻辑
[2026-02-20 00:26:52] [INFO]   🔄 加载Whisper模型...
[2026-02-20 00:26:53] [INFO]   📝 开始转录...
[2026-02-20 00:26:54] [ERROR]   ❌ 转录失败: 榜单：好评榜的考核逻辑 - [Errno 32] Broken pipe
[2026-02-20 00:26:54] [ERROR] ❌ 转录失败，跳过: 榜单：好评榜的考核逻辑
[2026-02-20 00:26:55] [INFO] 
==================================================
[2026-02-20 00:26:55] [INFO] 📊 处理完成统计
[2026-02-20 00:26:55] [INFO] ==================================================
[2026-02-20 00:26:55] [INFO] 总计: 21 个视频
[2026-02-20 00:26:55] [INFO] 成功: 6 个
[2026-02-20 00:26:55] [INFO] 失败: 15 个
[2026-02-20 00:26:55] [INFO] 
📂 输出目录:
[2026-02-20 00:26:55] [INFO]    音频: /Users/xiaolongxia/.openclaw/workspace/analysis/meituan-course/audio-extracted
[2026-02-20 00:26:55] [INFO]    文本: /Users/xiaolongxia/.openclaw/workspace/analysis/meituan-course/transcripts-api
[2026-02-20 00:26:55] [INFO]    知识库: /Users/xiaolongxia/.openclaw/workspace/密室逃脱运营/知识库/课程转录
[2026-02-20 00:26:55] [INFO]    日志: /Users/xiaolongxia/.openclaw/workspace/analysis/meituan-course/transcribe.log
